<?xml version='1.0' encoding='UTF-8'?>
<testsuite hostname="luca-21hmcto1ww" name="it.cambi.workplanning.ShiftServiceSpec" tests="3" errors="0" failures="0" skipped="0" time="0.027" timestamp="2024-10-02T17:18:50">
          <properties>
[...]
</properties>
          <testcase classname="it.cambi.workplanning.ShiftServiceSpec" name="ShiftService should add a valid shift" time="0.025">
                      
                    </testcase><testcase classname="it.cambi.workplanning.ShiftServiceSpec" name="ShiftService should not add an invalid shift" time="0.002">
                      
                    </testcase><testcase classname="it.cambi.workplanning.ShiftServiceSpec" name="ShiftService should not add a shift if the worker already has a shift on the same day" time="0.0">
                      
                    </testcase>
          <system-out><![CDATA[]]></system-out>
          <system-err><![CDATA[]]></system-err>
        </testsuite>